<?xml version="1.0" encoding="UTF-8"?>
<testng-results ignored="0" total="1" passed="1" failed="0" skipped="0">
  <reporter-output>
  </reporter-output>
  <suite started-at="2022-10-10T22:17:57 COT" name="PositiveTestSuite" finished-at="2022-10-10T22:17:58 COT" duration-ms="767">
    <groups>
      <group name="smoke">
        <method signature="CoursesApiTest.verifyCoursesData(java.util.Map)[pri:0, instance:com.learn.qarestassure.tests.CoursesApiTest@3738449f]" name="verifyCoursesData" class="com.learn.qarestassure.tests.CoursesApiTest"/>
      </group> <!-- smoke -->
    </groups>
    <test started-at="2022-10-10T22:17:57 COT" name="Basic" finished-at="2022-10-10T22:17:57 COT" duration-ms="4">
    </test> <!-- Basic -->
    <test started-at="2022-10-10T22:17:57 COT" name="Json" finished-at="2022-10-10T22:17:58 COT" duration-ms="725">
      <class name="com.learn.qarestassure.tests.CoursesApiTest">
        <test-method signature="verifyCoursesData(java.util.Map)[pri:0, instance:com.learn.qarestassure.tests.CoursesApiTest@3738449f]" started-at="2022-10-10T22:17:57 COT" name="verifyCoursesData" data-provider="csvReader" finished-at="2022-10-10T22:17:58 COT" duration-ms="702" status="PASS">
          <params>
            <param index="0">
              <value>
                <![CDATA[{todo=TRUE, server=Apache/2.4.41 (Ubuntu), resource=/maps/api/place/add/json, baseUri=https://rahulshettyacademy.com, scope=APP, body={
  "dashboard": {
    "purchaseAmount": 910,
    "website": "rahulshettyacademy.com"
  },
  "courses": [
    {
      "title": "Selenium Python",
      "price": 50,
      "copies": 6
    },
    {
      "title": "Cypress",
      "price": 40,
      "copies": 4
    },
    {
      "title": "RPA",
      "price": 45,
      "copies": 10
    }
  ]
}, contentType=application/json, key=qaclick123, newAddress=Cr. 67# 73-168 Barranquilla, statusCode=200}]]>
              </value>
            </param>
          </params>
          <reporter-output>
          </reporter-output>
        </test-method> <!-- verifyCoursesData -->
      </class> <!-- com.learn.qarestassure.tests.CoursesApiTest -->
    </test> <!-- Json -->
  </suite> <!-- PositiveTestSuite -->
</testng-results>
