<?xml version="1.0" encoding="UTF-8"?>
<testng-results ignored="0" total="1" passed="1" failed="0" skipped="0">
  <reporter-output>
  </reporter-output>
  <suite started-at="2022-08-21T19:32:22 COT" name="PositiveTestSuite" finished-at="2022-08-21T19:32:29 COT" duration-ms="6292">
    <groups>
    </groups>
    <test started-at="2022-08-21T19:32:22 COT" name="LPC" finished-at="2022-08-21T19:32:29 COT" duration-ms="6292">
      <class name="com.tribu.qarestassure.tests.Basics">
        <test-method signature="apiTest()[pri:0, instance:com.tribu.qarestassure.tests.Basics@7ff95560]" started-at="2022-08-21T19:32:22 COT" name="apiTest" finished-at="2022-08-21T19:32:29 COT" duration-ms="6242" status="PASS">
          <reporter-output>
          </reporter-output>
        </test-method> <!-- apiTest -->
      </class> <!-- com.tribu.qarestassure.tests.Basics -->
    </test> <!-- LPC -->
  </suite> <!-- PositiveTestSuite -->
</testng-results>
